<?xml version="1.0" encoding="UTF-8"?>
<!-- Generated by org.testng.reporters.JUnitReportReporter -->
<testsuite hostname="Shreejas-MacBook-Air-2.local" failures="0" tests="1" name="com.userapi.tests.Test02" time="4.733" errors="0" timestamp="2024-02-14T00:17:34 EST" skipped="0">
  <testcase classname="com.userapi.tests.Test02" name="getRequest" time="4.733"/>
</testsuite> <!-- com.userapi.tests.Test02 -->
