<?xml version="1.0" encoding="UTF-8"?>
<!-- Generated by org.testng.reporters.JUnitReportReporter -->
<testsuite hostname="Shreejas-MacBook-Air-2.local" failures="0" tests="20" name="com.userapi.tests.Test01" time="12.741" errors="0" timestamp="2024-02-16T13:41:17 EST" skipped="0">
  <testcase classname="com.userapi.tests.Test01" name="getRequest" time="5.496"/>
  <testcase classname="com.userapi.tests.Test01" name="postCreateUser" time="0.353"/>
  <testcase classname="com.userapi.tests.Test01" name="testWithJsonData" time="0.283"/>
  <testcase classname="com.userapi.tests.Test01" name="testWithJsonData" time="0.309"/>
  <testcase classname="com.userapi.tests.Test01" name="testWithJsonData" time="0.305"/>
  <testcase classname="com.userapi.tests.Test01" name="testWithJsonData" time="0.321"/>
  <testcase classname="com.userapi.tests.Test01" name="testWithJsonData" time="0.336"/>
  <testcase classname="com.userapi.tests.Test01" name="testWithJsonData" time="0.293"/>
  <testcase classname="com.userapi.tests.Test01" name="testWithJsonData" time="0.325"/>
  <testcase classname="com.userapi.tests.Test01" name="testWithJsonData" time="0.489"/>
  <testcase classname="com.userapi.tests.Test01" name="testWithJsonData" time="0.343"/>
  <testcase classname="com.userapi.tests.Test01" name="positivetestWithJsonData" time="0.393"/>
  <testcase classname="com.userapi.tests.Test01" name="positivetestWithJsonData" time="0.360"/>
  <testcase classname="com.userapi.tests.Test01" name="positivetestWithJsonData" time="0.322"/>
  <testcase classname="com.userapi.tests.Test01" name="putTestWithJsonData" time="0.308"/>
  <testcase classname="com.userapi.tests.Test01" name="putTestWithJsonData" time="0.327"/>
  <testcase classname="com.userapi.tests.Test01" name="putTestWithJsonData" time="0.315"/>
  <testcase classname="com.userapi.tests.Test01" name="putTestWithJsonData" time="0.320"/>
  <testcase classname="com.userapi.tests.Test01" name="putTestWithJsonData" time="0.303"/>
  <testcase classname="com.userapi.tests.Test01" name="deleteuser" time="1.240"/>
</testsuite> <!-- com.userapi.tests.Test01 -->
